<?xml version="1.0" encoding="UTF-8"?>
<!-- Generated by org.testng.reporters.JUnitReportReporter -->
<testsuite skipped="0" hostname="DESKTOP-FK4VN66" name="testcases.TC_002" tests="1" failures="0" timestamp="11 jun 2018 16:05:45 GMT" time="4.873" errors="0">
  <testcase name="testcase1" time="4.873" classname="testcases.TC_002"/>
</testsuite> <!-- testcases.TC_002 -->
