<?xml version="1.0" encoding="UTF-8"?>
<!-- Generated by org.testng.reporters.JUnitReportReporter -->
<testsuite skipped="0" hostname="DESKTOP-FK4VN66" name="testcases.TC_001" tests="1" failures="0" timestamp="11 jun 2018 15:32:22 GMT" time="9.140" errors="0">
  <testcase name="testcase1" time="9.140" classname="testcases.TC_001"/>
</testsuite> <!-- testcases.TC_001 -->
