<?xml version="1.0" encoding="UTF-8"?>
<!-- Generated by org.testng.reporters.JUnitReportReporter -->
<testsuite skipped="0" hostname="DESKTOP-FK4VN66" name="testcases.TC_003" tests="1" failures="0" timestamp="11 jun 2018 16:05:45 GMT" time="3.964" errors="0">
  <testcase name="testcase1" time="3.964" classname="testcases.TC_003"/>
</testsuite> <!-- testcases.TC_003 -->
