<?xml version="1.0" encoding="UTF-8"?>
<!-- Generated by org.testng.reporters.JUnitReportReporter -->
<testsuite hostname="DESKTOP-FK4VN66" failures="0" tests="1" name="testcases.TC_001" time="4.526" errors="0" timestamp="08 jun. 2018 20:28:23 GMT" skipped="0">
  <testcase classname="testcases.TC_001" name="testcase1" time="4.526"/>
</testsuite> <!-- testcases.TC_001 -->
